<?xml version="1.0" encoding="UTF-8"?>
<robot generator="Robot 4.1.3 (Python 3.9.6 on win32)" generated="20220106 16:07:21.227" rpa="false" schemaversion="2">
<suite id="s1" name="Busca" source="C:\Users\halison.r.vitorino\git\Curso_robotframework_3\Tests\busca.robot">
<test id="s1-t1" name="Deve buscar um unico restaurante">
<kw name="Start Session" library="search">
<kw name="New Browser" library="Browser">
<arg>chromium</arg>
<arg>false</arg>
<tag>BrowserControl</tag>
<tag>Setter</tag>
<doc>Create a new playwright Browser with specified options.</doc>
<msg timestamp="20220106 16:07:23.407" level="INFO">{"browser": "chromium", "headless": false, "handleSIGINT": true, "handleSIGTERM": true, "handleSIGHUP": true, "timeout": 30000.0, "devtools": false, "slowMo": 0.0, "tracesDir": "C:\\Users\\halison.r.vitorino\\git\\Curso_robotframework_3\\resultado\\browser\\traces\\aed16c62-8f1b-4cb4-b67b-42e2f7f8b1e0"}</msg>
<msg timestamp="20220106 16:07:26.167" level="INFO">Successfully created browser with options: {"browser":"chromium","headless":false,"handleSIGINT":true,"handleSIGTERM":true,"handleSIGHUP":true,"timeout":30000,"devtools":false,"slowMo":0,"tracesDir":"C:\\Users\\halison.r.vitorino\\git\\Curso_robotframework_3\\resultado\\browser\\traces\\aed16c62-8f1b-4cb4-b67b-42e2f7f8b1e0"}</msg>
<status status="PASS" starttime="20220106 16:07:23.407" endtime="20220106 16:07:26.167"/>
</kw>
<kw name="New Page" library="Browser">
<arg>https://parodifood.herokuapp.com</arg>
<tag>BrowserControl</tag>
<tag>Setter</tag>
<doc>Open a new Page.</doc>
<msg timestamp="20220106 16:07:30.244" level="INFO">Successfully initialized new page object and opened url: https://parodifood.herokuapp.com</msg>
<msg timestamp="20220106 16:07:30.244" level="INFO">No context was open. New context was automatically opened when this page is created.</msg>
<status status="PASS" starttime="20220106 16:07:26.167" endtime="20220106 16:07:30.244"/>
</kw>
<kw name="Get Text" library="Browser">
<arg>//span[contains(text(),'Nunca foi tão engraçado pedir comida')]</arg>
<arg>contains</arg>
<arg>Nunca foi tão engraçado pedir comida</arg>
<tag>Assertion</tag>
<tag>Getter</tag>
<tag>PageContent</tag>
<doc>Returns text attribute of the element found by ``selector``.</doc>
<status status="PASS" starttime="20220106 16:07:30.245" endtime="20220106 16:07:30.418"/>
</kw>
<status status="PASS" starttime="20220106 16:07:23.407" endtime="20220106 16:07:30.418"/>
</kw>
<kw name="Go To restaurants Page" library="search">
<kw name="Click" library="Browser">
<arg>text=Estou com fome!</arg>
<tag>PageContent</tag>
<tag>Setter</tag>
<doc>Simulates mouse click on the element found by ``selector``.</doc>
<status status="PASS" starttime="20220106 16:07:30.419" endtime="20220106 16:07:30.647"/>
</kw>
<kw name="Get Text" library="Browser">
<arg>h1 strong</arg>
<arg>contains</arg>
<arg>Ta na hora de matar a fome!</arg>
<tag>Assertion</tag>
<tag>Getter</tag>
<tag>PageContent</tag>
<doc>Returns text attribute of the element found by ``selector``.</doc>
<status status="PASS" starttime="20220106 16:07:30.647" endtime="20220106 16:07:30.667"/>
</kw>
<status status="PASS" starttime="20220106 16:07:30.418" endtime="20220106 16:07:30.668"/>
</kw>
<kw name="Search Restaurants By" library="search">
<arg>Debuger</arg>
<kw name="Click" library="Browser">
<arg>.search-link</arg>
<tag>PageContent</tag>
<tag>Setter</tag>
<doc>Simulates mouse click on the element found by ``selector``.</doc>
<status status="PASS" starttime="20220106 16:07:30.668" endtime="20220106 16:07:30.721"/>
</kw>
<kw name="Fill Text" library="Browser">
<arg>input[formcontrolname="searchControl"]</arg>
<arg>${value}</arg>
<tag>PageContent</tag>
<tag>Setter</tag>
<doc>Clears and fills the given ``txt`` into the text field found by ``selector``.</doc>
<msg timestamp="20220106 16:07:30.722" level="INFO">Fills the text 'Debuger' in the given field.</msg>
<status status="PASS" starttime="20220106 16:07:30.722" endtime="20220106 16:07:30.742"/>
</kw>
<status status="PASS" starttime="20220106 16:07:30.668" endtime="20220106 16:07:30.742"/>
</kw>
<kw name="Validate Search" library="search">
<arg>DEBUGER KING</arg>
<arg>1</arg>
<kw name="Wait For Elements State" library="Browser">
<arg>${Div_Restaurant}</arg>
<arg>visible</arg>
<arg>5</arg>
<tag>PageContent</tag>
<tag>Wait</tag>
<doc>Waits for the element found by ``selector`` to satisfy state option.</doc>
<msg timestamp="20220106 16:07:31.428" level="INFO">Waited for Element with selector span[class="place-info-box-text"] at state visible</msg>
<status status="PASS" starttime="20220106 16:07:30.743" endtime="20220106 16:07:31.428"/>
</kw>
<kw name="Get Text" library="Browser">
<arg>${Div_Restaurant}</arg>
<arg>contains</arg>
<arg>${value}</arg>
<tag>Assertion</tag>
<tag>Getter</tag>
<tag>PageContent</tag>
<doc>Returns text attribute of the element found by ``selector``.</doc>
<status status="PASS" starttime="20220106 16:07:31.428" endtime="20220106 16:07:31.440"/>
</kw>
<kw name="Get Element Count" library="Browser">
<arg>${Div_Restaurant}</arg>
<arg>equal</arg>
<arg>${quantity}</arg>
<tag>Assertion</tag>
<tag>Getter</tag>
<tag>PageContent</tag>
<doc>Returns the count of elements found with ``selector``.</doc>
<status status="PASS" starttime="20220106 16:07:31.440" endtime="20220106 16:07:31.447"/>
</kw>
<kw name="Take Screenshot" library="Browser">
<arg>${Evidencia}</arg>
<tag>PageContent</tag>
<doc>Takes a screenshot of the current window or element and saves it to disk.</doc>
<msg timestamp="20220106 16:07:31.692" level="INFO" html="true">&lt;/td&gt;&lt;/tr&gt;&lt;tr&gt;&lt;td colspan="3"&gt;&lt;a href="browser/screenshot/pass-screenshot-1.png"&gt;&lt;img src="browser/screenshot/pass-screenshot-1.png" width="800px"&gt;&lt;/a&gt;</msg>
<status status="PASS" starttime="20220106 16:07:31.447" endtime="20220106 16:07:31.692"/>
</kw>
<status status="PASS" starttime="20220106 16:07:30.742" endtime="20220106 16:07:31.692"/>
</kw>
<kw name="Close Browser" library="Browser">
<tag>BrowserControl</tag>
<tag>Setter</tag>
<doc>Closes the current browser.</doc>
<msg timestamp="20220106 16:07:32.060" level="INFO">Closed browser</msg>
<status status="PASS" starttime="20220106 16:07:31.693" endtime="20220106 16:07:32.060"/>
</kw>
<status status="PASS" starttime="20220106 16:07:23.375" endtime="20220106 16:07:32.061"/>
</test>
<test id="s1-t2" name="Deve buscar por categoria">
<kw name="Start Session" library="search">
<kw name="New Browser" library="Browser">
<arg>chromium</arg>
<arg>false</arg>
<tag>BrowserControl</tag>
<tag>Setter</tag>
<doc>Create a new playwright Browser with specified options.</doc>
<msg timestamp="20220106 16:07:32.068" level="INFO">{"browser": "chromium", "headless": false, "handleSIGINT": true, "handleSIGTERM": true, "handleSIGHUP": true, "timeout": 30000.0, "devtools": false, "slowMo": 0.0, "tracesDir": "C:\\Users\\halison.r.vitorino\\git\\Curso_robotframework_3\\resultado\\browser\\traces\\187ea661-1a9b-48f5-94ad-b8abdc36534d"}</msg>
<msg timestamp="20220106 16:07:34.632" level="INFO">Successfully created browser with options: {"browser":"chromium","headless":false,"handleSIGINT":true,"handleSIGTERM":true,"handleSIGHUP":true,"timeout":30000,"devtools":false,"slowMo":0,"tracesDir":"C:\\Users\\halison.r.vitorino\\git\\Curso_robotframework_3\\resultado\\browser\\traces\\187ea661-1a9b-48f5-94ad-b8abdc36534d"}</msg>
<status status="PASS" starttime="20220106 16:07:32.067" endtime="20220106 16:07:34.632"/>
</kw>
<kw name="New Page" library="Browser">
<arg>https://parodifood.herokuapp.com</arg>
<tag>BrowserControl</tag>
<tag>Setter</tag>
<doc>Open a new Page.</doc>
<msg timestamp="20220106 16:07:38.865" level="INFO">Successfully initialized new page object and opened url: https://parodifood.herokuapp.com</msg>
<msg timestamp="20220106 16:07:38.865" level="INFO">No context was open. New context was automatically opened when this page is created.</msg>
<status status="PASS" starttime="20220106 16:07:34.632" endtime="20220106 16:07:38.865"/>
</kw>
<kw name="Get Text" library="Browser">
<arg>//span[contains(text(),'Nunca foi tão engraçado pedir comida')]</arg>
<arg>contains</arg>
<arg>Nunca foi tão engraçado pedir comida</arg>
<tag>Assertion</tag>
<tag>Getter</tag>
<tag>PageContent</tag>
<doc>Returns text attribute of the element found by ``selector``.</doc>
<status status="PASS" starttime="20220106 16:07:38.866" endtime="20220106 16:07:39.023"/>
</kw>
<status status="PASS" starttime="20220106 16:07:32.067" endtime="20220106 16:07:39.023"/>
</kw>
<kw name="Go To restaurants Page" library="search">
<kw name="Click" library="Browser">
<arg>text=Estou com fome!</arg>
<tag>PageContent</tag>
<tag>Setter</tag>
<doc>Simulates mouse click on the element found by ``selector``.</doc>
<status status="PASS" starttime="20220106 16:07:39.024" endtime="20220106 16:07:39.259"/>
</kw>
<kw name="Get Text" library="Browser">
<arg>h1 strong</arg>
<arg>contains</arg>
<arg>Ta na hora de matar a fome!</arg>
<tag>Assertion</tag>
<tag>Getter</tag>
<tag>PageContent</tag>
<doc>Returns text attribute of the element found by ``selector``.</doc>
<status status="PASS" starttime="20220106 16:07:39.260" endtime="20220106 16:07:39.297"/>
</kw>
<status status="PASS" starttime="20220106 16:07:39.024" endtime="20220106 16:07:39.298"/>
</kw>
<kw name="Search Restaurants By" library="search">
<arg>cafe</arg>
<kw name="Click" library="Browser">
<arg>.search-link</arg>
<tag>PageContent</tag>
<tag>Setter</tag>
<doc>Simulates mouse click on the element found by ``selector``.</doc>
<status status="PASS" starttime="20220106 16:07:39.299" endtime="20220106 16:07:39.389"/>
</kw>
<kw name="Fill Text" library="Browser">
<arg>input[formcontrolname="searchControl"]</arg>
<arg>${value}</arg>
<tag>PageContent</tag>
<tag>Setter</tag>
<doc>Clears and fills the given ``txt`` into the text field found by ``selector``.</doc>
<msg timestamp="20220106 16:07:39.389" level="INFO">Fills the text 'cafe' in the given field.</msg>
<status status="PASS" starttime="20220106 16:07:39.389" endtime="20220106 16:07:39.411"/>
</kw>
<status status="PASS" starttime="20220106 16:07:39.298" endtime="20220106 16:07:39.412"/>
</kw>
<kw name="Validate Search" library="search">
<arg>STARBUGS COFFEE</arg>
<arg>1</arg>
<kw name="Wait For Elements State" library="Browser">
<arg>${Div_Restaurant}</arg>
<arg>visible</arg>
<arg>5</arg>
<tag>PageContent</tag>
<tag>Wait</tag>
<doc>Waits for the element found by ``selector`` to satisfy state option.</doc>
<msg timestamp="20220106 16:07:40.150" level="INFO">Waited for Element with selector span[class="place-info-box-text"] at state visible</msg>
<status status="PASS" starttime="20220106 16:07:39.412" endtime="20220106 16:07:40.150"/>
</kw>
<kw name="Get Text" library="Browser">
<arg>${Div_Restaurant}</arg>
<arg>contains</arg>
<arg>${value}</arg>
<tag>Assertion</tag>
<tag>Getter</tag>
<tag>PageContent</tag>
<doc>Returns text attribute of the element found by ``selector``.</doc>
<status status="PASS" starttime="20220106 16:07:40.150" endtime="20220106 16:07:40.164"/>
</kw>
<kw name="Get Element Count" library="Browser">
<arg>${Div_Restaurant}</arg>
<arg>equal</arg>
<arg>${quantity}</arg>
<tag>Assertion</tag>
<tag>Getter</tag>
<tag>PageContent</tag>
<doc>Returns the count of elements found with ``selector``.</doc>
<status status="PASS" starttime="20220106 16:07:40.165" endtime="20220106 16:07:40.175"/>
</kw>
<kw name="Take Screenshot" library="Browser">
<arg>${Evidencia}</arg>
<tag>PageContent</tag>
<doc>Takes a screenshot of the current window or element and saves it to disk.</doc>
<msg timestamp="20220106 16:07:40.455" level="INFO" html="true">&lt;/td&gt;&lt;/tr&gt;&lt;tr&gt;&lt;td colspan="3"&gt;&lt;a href="browser/screenshot/pass-screenshot-2.png"&gt;&lt;img src="browser/screenshot/pass-screenshot-2.png" width="800px"&gt;&lt;/a&gt;</msg>
<status status="PASS" starttime="20220106 16:07:40.175" endtime="20220106 16:07:40.455"/>
</kw>
<status status="PASS" starttime="20220106 16:07:39.412" endtime="20220106 16:07:40.455"/>
</kw>
<kw name="Close Browser" library="Browser">
<tag>BrowserControl</tag>
<tag>Setter</tag>
<doc>Closes the current browser.</doc>
<msg timestamp="20220106 16:07:40.779" level="INFO">Closed browser</msg>
<status status="PASS" starttime="20220106 16:07:40.457" endtime="20220106 16:07:40.779"/>
</kw>
<status status="PASS" starttime="20220106 16:07:32.064" endtime="20220106 16:07:40.780"/>
</test>
<status status="PASS" starttime="20220106 16:07:21.229" endtime="20220106 16:07:40.783"/>
</suite>
<statistics>
<total>
<stat pass="2" fail="0" skip="0">All Tests</stat>
</total>
<tag>
</tag>
<suite>
<stat pass="2" fail="0" skip="0" id="s1" name="Busca">Busca</stat>
</suite>
</statistics>
<errors>
</errors>
</robot>
