<?xml version="1.0" encoding="UTF-8"?>
<robot generator="Robot 4.1.3 (Python 3.9.6 on win32)" generated="20220107 12:56:30.398" rpa="false" schemaversion="2">
<suite id="s1" name="Carrinho" source="C:\Users\halison.r.vitorino\git\Curso_robotframework_3\tests\carrinho.robot">
<test id="s1-t1" name="Deve adicionar varios itens ao carrinho">
<kw name="Start Session" library="base" type="SETUP">
<kw name="New Browser" library="Browser">
<arg>chromium</arg>
<arg>false</arg>
<tag>BrowserControl</tag>
<tag>Setter</tag>
<doc>Create a new playwright Browser with specified options.</doc>
<msg timestamp="20220107 12:56:32.591" level="INFO">{"browser": "chromium", "headless": false, "handleSIGINT": true, "handleSIGTERM": true, "handleSIGHUP": true, "timeout": 30000.0, "devtools": false, "slowMo": 0.0, "tracesDir": "C:\\Users\\halison.r.vitorino\\git\\Curso_robotframework_3\\results\\browser\\traces\\06733aad-3a3c-434a-9a9b-6af35eb06268"}</msg>
<msg timestamp="20220107 12:56:35.081" level="INFO">Successfully created browser with options: {"browser":"chromium","headless":false,"handleSIGINT":true,"handleSIGTERM":true,"handleSIGHUP":true,"timeout":30000,"devtools":false,"slowMo":0,"tracesDir":"C:\\Users\\halison.r.vitorino\\git\\Curso_robotframework_3\\results\\browser\\traces\\06733aad-3a3c-434a-9a9b-6af35eb06268"}</msg>
<status status="PASS" starttime="20220107 12:56:32.591" endtime="20220107 12:56:35.082"/>
</kw>
<kw name="New Page" library="Browser">
<arg>https://parodifood.herokuapp.com</arg>
<tag>BrowserControl</tag>
<tag>Setter</tag>
<doc>Open a new Page.</doc>
<msg timestamp="20220107 12:56:39.358" level="INFO">Successfully initialized new page object and opened url: https://parodifood.herokuapp.com</msg>
<msg timestamp="20220107 12:56:39.358" level="INFO">No context was open. New context was automatically opened when this page is created.</msg>
<status status="PASS" starttime="20220107 12:56:35.082" endtime="20220107 12:56:39.358"/>
</kw>
<kw name="Get Text" library="Browser">
<arg>//span[contains(text(),'Nunca foi tão engraçado pedir comida')]</arg>
<arg>contains</arg>
<arg>Nunca foi tão engraçado pedir comida</arg>
<tag>Assertion</tag>
<tag>Getter</tag>
<tag>PageContent</tag>
<doc>Returns text attribute of the element found by ``selector``.</doc>
<status status="PASS" starttime="20220107 12:56:39.358" endtime="20220107 12:56:39.565"/>
</kw>
<status status="PASS" starttime="20220107 12:56:32.591" endtime="20220107 12:56:39.565"/>
</kw>
<kw name="Create Dictionary" library="BuiltIn">
<var>&amp;{restaurante}</var>
<arg>name=Pizza Bug</arg>
<arg>desc=Precisa corrigir bugs em produção depois do expediente? Peça Pizza Bug.</arg>
<doc>Creates and returns a dictionary based on the given ``items``.</doc>
<msg timestamp="20220107 12:56:39.568" level="INFO">&amp;{restaurante} = { name=Pizza Bug | desc=Precisa corrigir bugs em produção depois do expediente? Peça Pizza Bug. }</msg>
<status status="PASS" starttime="20220107 12:56:39.567" endtime="20220107 12:56:39.568"/>
</kw>
<kw name="Go To restaurants Page" library="carrinhoActions">
<kw name="Click" library="Browser">
<arg>text=Estou com fome!</arg>
<tag>PageContent</tag>
<tag>Setter</tag>
<doc>Simulates mouse click on the element found by ``selector``.</doc>
<status status="PASS" starttime="20220107 12:56:39.568" endtime="20220107 12:56:39.797"/>
</kw>
<kw name="Get Text" library="Browser">
<arg>h1 strong</arg>
<arg>contains</arg>
<arg>Ta na hora de matar a fome!</arg>
<tag>Assertion</tag>
<tag>Getter</tag>
<tag>PageContent</tag>
<doc>Returns text attribute of the element found by ``selector``.</doc>
<status status="PASS" starttime="20220107 12:56:39.797" endtime="20220107 12:56:39.843"/>
</kw>
<status status="PASS" starttime="20220107 12:56:39.568" endtime="20220107 12:56:39.843"/>
</kw>
<kw name="Seleciona um restaurante" library="carrinhoActions">
<arg>${restaurante}</arg>
<kw name="Click" library="Browser">
<arg>text=${restaurante["name"]}</arg>
<tag>PageContent</tag>
<tag>Setter</tag>
<doc>Simulates mouse click on the element found by ``selector``.</doc>
<status status="PASS" starttime="20220107 12:56:39.844" endtime="20220107 12:56:40.293"/>
</kw>
<kw name="Wait For Elements State" library="Browser">
<arg>${detalhe_restaurante}</arg>
<arg>visible</arg>
<arg>5</arg>
<tag>PageContent</tag>
<tag>Wait</tag>
<doc>Waits for the element found by ``selector`` to satisfy state option.</doc>
<msg timestamp="20220107 12:56:40.306" level="INFO">Waited for Element with selector css=#detail at state visible</msg>
<status status="PASS" starttime="20220107 12:56:40.296" endtime="20220107 12:56:40.306"/>
</kw>
<kw name="Get Text" library="Browser">
<arg>${detalhe_restaurante}</arg>
<arg>contains</arg>
<arg>${restaurante["desc"]}</arg>
<tag>Assertion</tag>
<tag>Getter</tag>
<tag>PageContent</tag>
<doc>Returns text attribute of the element found by ``selector``.</doc>
<status status="PASS" starttime="20220107 12:56:40.306" endtime="20220107 12:56:40.590"/>
</kw>
<status status="PASS" starttime="20220107 12:56:39.843" endtime="20220107 12:56:40.590"/>
</kw>
<kw name="Coloca o produto no carrinho" library="carrinhoActions">
<arg>Pizza de mussarela</arg>
<kw name="Click" library="Browser">
<arg>xpath=//span[text()="${produto}"]/..//a[@class="add-to-cart"]</arg>
<tag>PageContent</tag>
<tag>Setter</tag>
<doc>Simulates mouse click on the element found by ``selector``.</doc>
<status status="PASS" starttime="20220107 12:56:40.591" endtime="20220107 12:56:40.932"/>
</kw>
<status status="PASS" starttime="20220107 12:56:40.591" endtime="20220107 12:56:40.933"/>
</kw>
<kw name="Valida produto no carrinho" library="carrinhoActions">
<arg>Pizza de mussarela</arg>
<kw name="Wait For Elements State" library="Browser">
<arg>css=#cart tr &gt;&gt; text=${produto}</arg>
<arg>visible</arg>
<arg>5</arg>
<tag>PageContent</tag>
<tag>Wait</tag>
<doc>Waits for the element found by ``selector`` to satisfy state option.</doc>
<msg timestamp="20220107 12:56:40.944" level="INFO">Waited for Element with selector css=#cart tr &gt;&gt; text=Pizza de mussarela at state visible</msg>
<status status="PASS" starttime="20220107 12:56:40.933" endtime="20220107 12:56:40.944"/>
</kw>
<status status="PASS" starttime="20220107 12:56:40.933" endtime="20220107 12:56:40.944"/>
</kw>
<kw name="Coloca o produto no carrinho" library="carrinhoActions">
<arg>Pizza de peperoni</arg>
<kw name="Click" library="Browser">
<arg>xpath=//span[text()="${produto}"]/..//a[@class="add-to-cart"]</arg>
<tag>PageContent</tag>
<tag>Setter</tag>
<doc>Simulates mouse click on the element found by ``selector``.</doc>
<status status="PASS" starttime="20220107 12:56:40.945" endtime="20220107 12:56:41.002"/>
</kw>
<status status="PASS" starttime="20220107 12:56:40.945" endtime="20220107 12:56:41.002"/>
</kw>
<kw name="Valida produto no carrinho" library="carrinhoActions">
<arg>Pizza de peperoni</arg>
<kw name="Wait For Elements State" library="Browser">
<arg>css=#cart tr &gt;&gt; text=${produto}</arg>
<arg>visible</arg>
<arg>5</arg>
<tag>PageContent</tag>
<tag>Wait</tag>
<doc>Waits for the element found by ``selector`` to satisfy state option.</doc>
<msg timestamp="20220107 12:56:41.011" level="INFO">Waited for Element with selector css=#cart tr &gt;&gt; text=Pizza de peperoni at state visible</msg>
<status status="PASS" starttime="20220107 12:56:41.003" endtime="20220107 12:56:41.011"/>
</kw>
<status status="PASS" starttime="20220107 12:56:41.002" endtime="20220107 12:56:41.011"/>
</kw>
<kw name="Valida total produto" library="carrinhoActions">
<arg>18,40</arg>
<kw name="Get Text" library="Browser">
<arg>xpath=//th[contains(text(),"Total")]/..//td</arg>
<arg>contains</arg>
<arg>${preco}</arg>
<tag>Assertion</tag>
<tag>Getter</tag>
<tag>PageContent</tag>
<doc>Returns text attribute of the element found by ``selector``.</doc>
<status status="PASS" starttime="20220107 12:56:41.012" endtime="20220107 12:56:41.034"/>
</kw>
<status status="PASS" starttime="20220107 12:56:41.011" endtime="20220107 12:56:41.036"/>
</kw>
<kw name="Take Screenshot" library="Browser" type="TEARDOWN">
<arg>${EXECDIR}/results/evidencias/pass-screenshot-{index}</arg>
<tag>PageContent</tag>
<doc>Takes a screenshot of the current window or element and saves it to disk.</doc>
<msg timestamp="20220107 12:56:41.310" level="INFO" html="true">&lt;/td&gt;&lt;/tr&gt;&lt;tr&gt;&lt;td colspan="3"&gt;&lt;a href="evidencias/pass-screenshot-2.png"&gt;&lt;img src="evidencias/pass-screenshot-2.png" width="800px"&gt;&lt;/a&gt;</msg>
<status status="PASS" starttime="20220107 12:56:41.037" endtime="20220107 12:56:41.310"/>
</kw>
<tag>2</tag>
<status status="PASS" starttime="20220107 12:56:32.558" endtime="20220107 12:56:41.311"/>
</test>
<status status="PASS" starttime="20220107 12:56:30.400" endtime="20220107 12:56:41.503"/>
</suite>
<statistics>
<total>
<stat pass="1" fail="0" skip="0">All Tests</stat>
</total>
<tag>
<stat pass="1" fail="0" skip="0">2</stat>
</tag>
<suite>
<stat pass="1" fail="0" skip="0" id="s1" name="Carrinho">Carrinho</stat>
</suite>
</statistics>
<errors>
</errors>
</robot>
