<?xml version="1.0" encoding="UTF-8"?>
<robot generator="Robot 4.1.3 (Python 3.9.6 on win32)" generated="20220112 14:17:46.873" rpa="false" schemaversion="2">
<suite id="s1" name="Pedido" source="C:\Users\halison.r.vitorino\git\Curso_robotframework_3\tests\pedido.robot">
<test id="s1-t1" name="Deve realizar um novo pedido">
<kw name="Start Session" library="base" type="SETUP">
<kw name="New Browser" library="Browser">
<arg>chromium</arg>
<arg>false</arg>
<tag>BrowserControl</tag>
<tag>Setter</tag>
<doc>Create a new playwright Browser with specified options.</doc>
<msg timestamp="20220112 14:17:48.943" level="INFO">{"browser": "chromium", "headless": false, "handleSIGINT": true, "handleSIGTERM": true, "handleSIGHUP": true, "timeout": 30000.0, "devtools": false, "slowMo": 0.0, "tracesDir": "C:\\Users\\halison.r.vitorino\\git\\Curso_robotframework_3\\results\\browser\\traces\\587e9ed6-c75d-4fc3-b332-d93f23f90ca8"}</msg>
<msg timestamp="20220112 14:17:51.719" level="INFO">Successfully created browser with options: {"browser":"chromium","headless":false,"handleSIGINT":true,"handleSIGTERM":true,"handleSIGHUP":true,"timeout":30000,"devtools":false,"slowMo":0,"tracesDir":"C:\\Users\\halison.r.vitorino\\git\\Curso_robotframework_3\\results\\browser\\traces\\587e9ed6-c75d-4fc3-b332-d93f23f90ca8"}</msg>
<status status="PASS" starttime="20220112 14:17:48.943" endtime="20220112 14:17:51.719"/>
</kw>
<kw name="New Page" library="Browser">
<arg>https://parodifood.herokuapp.com</arg>
<tag>BrowserControl</tag>
<tag>Setter</tag>
<doc>Open a new Page.</doc>
<msg timestamp="20220112 14:17:56.027" level="INFO">Successfully initialized new page object and opened url: https://parodifood.herokuapp.com</msg>
<msg timestamp="20220112 14:17:56.027" level="INFO">No context was open. New context was automatically opened when this page is created.</msg>
<status status="PASS" starttime="20220112 14:17:51.720" endtime="20220112 14:17:56.027"/>
</kw>
<kw name="Get Text" library="Browser">
<arg>//span[contains(text(),'Nunca foi tão engraçado pedir comida')]</arg>
<arg>contains</arg>
<arg>Nunca foi tão engraçado pedir comida</arg>
<tag>Assertion</tag>
<tag>Getter</tag>
<tag>PageContent</tag>
<doc>Returns text attribute of the element found by ``selector``.</doc>
<status status="PASS" starttime="20220112 14:17:56.028" endtime="20220112 14:17:56.198"/>
</kw>
<status status="PASS" starttime="20220112 14:17:48.942" endtime="20220112 14:17:56.198"/>
</kw>
<kw name="Get JSON" library="base">
<var>${massa_teste_pedido}</var>
<arg>pedido.json</arg>
<kw name="Get File" library="OperatingSystem">
<var>${massa_teste}</var>
<arg>${EXECDIR}/resources/fixtures/${nome_arquivo_massa}</arg>
<doc>Returns the contents of a specified file.</doc>
<msg timestamp="20220112 14:17:56.199" level="INFO" html="true">Getting file '&lt;a href="file://C:\Users\halison.r.vitorino\git\Curso_robotframework_3\resources\fixtures\pedido.json"&gt;C:\Users\halison.r.vitorino\git\Curso_robotframework_3\resources\fixtures\pedido.json&lt;/a&gt;'.</msg>
<msg timestamp="20220112 14:17:56.209" level="INFO">${massa_teste} = {
    "restaurante": "DEBUGER KING",
    "desc": "40 anos se especializando em trash food.",
    "produtos": [
        {
            "nome_produto": "Woopper Burger"
        },
        {
            "...</msg>
<status status="PASS" starttime="20220112 14:17:56.199" endtime="20220112 14:17:56.209"/>
</kw>
<kw name="Evaluate" library="BuiltIn">
<var>${super_variavel}</var>
<arg>json.loads($massa_teste)</arg>
<arg>json</arg>
<doc>Evaluates the given expression in Python and returns the result.</doc>
<msg timestamp="20220112 14:17:56.214" level="INFO">${super_variavel} = {'restaurante': 'DEBUGER KING', 'desc': '40 anos se especializando em trash food.', 'produtos': [{'nome_produto': 'Woopper Burger'}, {'nome_produto': 'Batatas Fritas'}, {'nome_produto': 'Refrigerante'...</msg>
<status status="PASS" starttime="20220112 14:17:56.210" endtime="20220112 14:17:56.214"/>
</kw>
<msg timestamp="20220112 14:17:56.214" level="INFO">${massa_teste_pedido} = {'restaurante': 'DEBUGER KING', 'desc': '40 anos se especializando em trash food.', 'produtos': [{'nome_produto': 'Woopper Burger'}, {'nome_produto': 'Batatas Fritas'}, {'nome_produto': 'Refrigerante'...</msg>
<status status="PASS" starttime="20220112 14:17:56.198" endtime="20220112 14:17:56.214"/>
</kw>
<kw name="Go To restaurants Page" library="base">
<kw name="Click" library="Browser">
<arg>text=Estou com fome!</arg>
<tag>PageContent</tag>
<tag>Setter</tag>
<doc>Simulates mouse click on the element found by ``selector``.</doc>
<status status="PASS" starttime="20220112 14:17:56.214" endtime="20220112 14:17:56.418"/>
</kw>
<kw name="Get Text" library="Browser">
<arg>h1 strong</arg>
<arg>contains</arg>
<arg>Ta na hora de matar a fome!</arg>
<tag>Assertion</tag>
<tag>Getter</tag>
<tag>PageContent</tag>
<doc>Returns text attribute of the element found by ``selector``.</doc>
<status status="PASS" starttime="20220112 14:17:56.419" endtime="20220112 14:17:56.474"/>
</kw>
<status status="PASS" starttime="20220112 14:17:56.214" endtime="20220112 14:17:56.474"/>
</kw>
<kw name="Seleciona um restaurante" library="buscaActions">
<arg>${massa_teste_pedido}</arg>
<kw name="Click" library="Browser">
<arg>text=${massa_teste["restaurante"]}</arg>
<tag>PageContent</tag>
<tag>Setter</tag>
<doc>Simulates mouse click on the element found by ``selector``.</doc>
<status status="PASS" starttime="20220112 14:17:56.475" endtime="20220112 14:17:57.005"/>
</kw>
<kw name="Wait For Elements State" library="Browser">
<arg>${detalhe_restaurante}</arg>
<arg>visible</arg>
<arg>5</arg>
<tag>PageContent</tag>
<tag>Wait</tag>
<doc>Waits for the element found by ``selector`` to satisfy state option.</doc>
<msg timestamp="20220112 14:17:57.017" level="INFO">Waited for Element with selector css=#detail at state visible</msg>
<status status="PASS" starttime="20220112 14:17:57.006" endtime="20220112 14:17:57.017"/>
</kw>
<kw name="Get Text" library="Browser">
<arg>${detalhe_restaurante}</arg>
<arg>contains</arg>
<arg>${massa_teste["desc"]}</arg>
<tag>Assertion</tag>
<tag>Getter</tag>
<tag>PageContent</tag>
<doc>Returns text attribute of the element found by ``selector``.</doc>
<status status="PASS" starttime="20220112 14:17:57.017" endtime="20220112 14:17:57.205"/>
</kw>
<status status="PASS" starttime="20220112 14:17:56.474" endtime="20220112 14:17:57.207"/>
</kw>
<for flavor="IN">
<var>${produto}</var>
<value>@{massa_teste_pedido["produtos"]}</value>
<iter>
<var name="${produto}">{'nome_produto': 'Woopper Burger'}</var>
<kw name="Coloca o produto no carrinho" library="carrinhoActions">
<arg>${produto["nome_produto"]}</arg>
<kw name="Click" library="Browser">
<arg>xpath=//span[text()="${produto}"]/..//a[@class="add-to-cart"]</arg>
<tag>PageContent</tag>
<tag>Setter</tag>
<doc>Simulates mouse click on the element found by ``selector``.</doc>
<status status="PASS" starttime="20220112 14:17:57.214" endtime="20220112 14:17:57.528"/>
</kw>
<status status="PASS" starttime="20220112 14:17:57.212" endtime="20220112 14:17:57.529"/>
</kw>
<kw name="Valida produto no carrinho" library="carrinhoActions">
<arg>${produto["nome_produto"]}</arg>
<kw name="Wait For Elements State" library="Browser">
<arg>css=#cart tr &gt;&gt; text=${produto}</arg>
<arg>visible</arg>
<arg>5</arg>
<tag>PageContent</tag>
<tag>Wait</tag>
<doc>Waits for the element found by ``selector`` to satisfy state option.</doc>
<msg timestamp="20220112 14:17:57.542" level="INFO">Waited for Element with selector css=#cart tr &gt;&gt; text=Woopper Burger at state visible</msg>
<status status="PASS" starttime="20220112 14:17:57.530" endtime="20220112 14:17:57.542"/>
</kw>
<status status="PASS" starttime="20220112 14:17:57.529" endtime="20220112 14:17:57.542"/>
</kw>
<status status="PASS" starttime="20220112 14:17:57.211" endtime="20220112 14:17:57.542"/>
</iter>
<iter>
<var name="${produto}">{'nome_produto': 'Batatas Fritas'}</var>
<kw name="Coloca o produto no carrinho" library="carrinhoActions">
<arg>${produto["nome_produto"]}</arg>
<kw name="Click" library="Browser">
<arg>xpath=//span[text()="${produto}"]/..//a[@class="add-to-cart"]</arg>
<tag>PageContent</tag>
<tag>Setter</tag>
<doc>Simulates mouse click on the element found by ``selector``.</doc>
<status status="PASS" starttime="20220112 14:17:57.543" endtime="20220112 14:17:57.586"/>
</kw>
<status status="PASS" starttime="20220112 14:17:57.542" endtime="20220112 14:17:57.586"/>
</kw>
<kw name="Valida produto no carrinho" library="carrinhoActions">
<arg>${produto["nome_produto"]}</arg>
<kw name="Wait For Elements State" library="Browser">
<arg>css=#cart tr &gt;&gt; text=${produto}</arg>
<arg>visible</arg>
<arg>5</arg>
<tag>PageContent</tag>
<tag>Wait</tag>
<doc>Waits for the element found by ``selector`` to satisfy state option.</doc>
<msg timestamp="20220112 14:17:57.597" level="INFO">Waited for Element with selector css=#cart tr &gt;&gt; text=Batatas Fritas at state visible</msg>
<status status="PASS" starttime="20220112 14:17:57.589" endtime="20220112 14:17:57.597"/>
</kw>
<status status="PASS" starttime="20220112 14:17:57.586" endtime="20220112 14:17:57.597"/>
</kw>
<status status="PASS" starttime="20220112 14:17:57.542" endtime="20220112 14:17:57.597"/>
</iter>
<iter>
<var name="${produto}">{'nome_produto': 'Refrigerante'}</var>
<kw name="Coloca o produto no carrinho" library="carrinhoActions">
<arg>${produto["nome_produto"]}</arg>
<kw name="Click" library="Browser">
<arg>xpath=//span[text()="${produto}"]/..//a[@class="add-to-cart"]</arg>
<tag>PageContent</tag>
<tag>Setter</tag>
<doc>Simulates mouse click on the element found by ``selector``.</doc>
<status status="PASS" starttime="20220112 14:17:57.598" endtime="20220112 14:17:57.651"/>
</kw>
<status status="PASS" starttime="20220112 14:17:57.597" endtime="20220112 14:17:57.651"/>
</kw>
<kw name="Valida produto no carrinho" library="carrinhoActions">
<arg>${produto["nome_produto"]}</arg>
<kw name="Wait For Elements State" library="Browser">
<arg>css=#cart tr &gt;&gt; text=${produto}</arg>
<arg>visible</arg>
<arg>5</arg>
<tag>PageContent</tag>
<tag>Wait</tag>
<doc>Waits for the element found by ``selector`` to satisfy state option.</doc>
<msg timestamp="20220112 14:17:57.663" level="INFO">Waited for Element with selector css=#cart tr &gt;&gt; text=Refrigerante at state visible</msg>
<status status="PASS" starttime="20220112 14:17:57.652" endtime="20220112 14:17:57.663"/>
</kw>
<status status="PASS" starttime="20220112 14:17:57.651" endtime="20220112 14:17:57.663"/>
</kw>
<status status="PASS" starttime="20220112 14:17:57.597" endtime="20220112 14:17:57.663"/>
</iter>
<status status="PASS" starttime="20220112 14:17:57.208" endtime="20220112 14:17:57.663"/>
</for>
<kw name="Aciona Fechar Pedido">
<kw name="Set Variable" library="BuiltIn">
<var>${elemento_titulo_pagina}</var>
<arg>css=.page-header</arg>
<doc>Returns the given values which can then be assigned to a variables.</doc>
<msg timestamp="20220112 14:17:57.666" level="INFO">${elemento_titulo_pagina} = css=.page-header</msg>
<status status="PASS" starttime="20220112 14:17:57.665" endtime="20220112 14:17:57.666"/>
</kw>
<kw name="Click" library="Browser">
<arg>css=#cart &gt; div.box-footer &gt; div &gt; a</arg>
<tag>PageContent</tag>
<tag>Setter</tag>
<doc>Simulates mouse click on the element found by ``selector``.</doc>
<status status="PASS" starttime="20220112 14:17:57.666" endtime="20220112 14:17:57.762"/>
</kw>
<kw name="Wait For Elements State" library="Browser">
<arg>${elemento_titulo_pagina}</arg>
<arg>visible</arg>
<arg>5</arg>
<tag>PageContent</tag>
<tag>Wait</tag>
<doc>Waits for the element found by ``selector`` to satisfy state option.</doc>
<msg timestamp="20220112 14:17:57.772" level="INFO">Waited for Element with selector css=.page-header at state visible</msg>
<status status="PASS" starttime="20220112 14:17:57.763" endtime="20220112 14:17:57.772"/>
</kw>
<kw name="Get Text" library="Browser">
<arg>${elemento_titulo_pagina}</arg>
<arg>contains</arg>
<arg>Finalize o seu pedido</arg>
<tag>Assertion</tag>
<tag>Getter</tag>
<tag>PageContent</tag>
<doc>Returns text attribute of the element found by ``selector``.</doc>
<status status="PASS" starttime="20220112 14:17:57.772" endtime="20220112 14:17:57.789"/>
</kw>
<status status="PASS" starttime="20220112 14:17:57.665" endtime="20220112 14:17:57.789"/>
</kw>
<kw name="Preenche dados pessoais">
<arg>${massa_teste_pedido["cliente"]}</arg>
<kw name="Fill Text" library="Browser">
<arg>css=input[formcontrolname="name"]</arg>
<arg>${cliente["nome_cliente"]}</arg>
<tag>PageContent</tag>
<tag>Setter</tag>
<doc>Clears and fills the given ``txt`` into the text field found by ``selector``.</doc>
<msg timestamp="20220112 14:17:57.793" level="INFO">Fills the text 'Halison Vitorino' in the given field.</msg>
<status status="PASS" starttime="20220112 14:17:57.793" endtime="20220112 14:17:57.834"/>
</kw>
<kw name="Fill Text" library="Browser">
<arg>css=input[formcontrolname="email"]</arg>
<arg>${cliente["emai"]}</arg>
<tag>PageContent</tag>
<tag>Setter</tag>
<doc>Clears and fills the given ``txt`` into the text field found by ``selector``.</doc>
<msg timestamp="20220112 14:17:57.835" level="INFO">Fills the text 'halison@gmail.com' in the given field.</msg>
<status status="PASS" starttime="20220112 14:17:57.834" endtime="20220112 14:17:57.869"/>
</kw>
<kw name="Fill Text" library="Browser">
<arg>css=input[formcontrolname="emailConfirmation"]</arg>
<arg>${cliente["email2"]}</arg>
<tag>PageContent</tag>
<tag>Setter</tag>
<doc>Clears and fills the given ``txt`` into the text field found by ``selector``.</doc>
<msg timestamp="20220112 14:17:57.871" level="INFO">Fills the text 'halison@gmail.com' in the given field.</msg>
<status status="PASS" starttime="20220112 14:17:57.870" endtime="20220112 14:17:57.898"/>
</kw>
<kw name="Fill Text" library="Browser">
<arg>css=input[formcontrolname="address"]</arg>
<arg>${cliente["endereco"]}</arg>
<tag>PageContent</tag>
<tag>Setter</tag>
<doc>Clears and fills the given ``txt`` into the text field found by ``selector``.</doc>
<msg timestamp="20220112 14:17:57.898" level="INFO">Fills the text 'Rua 1' in the given field.</msg>
<status status="PASS" starttime="20220112 14:17:57.898" endtime="20220112 14:17:57.935"/>
</kw>
<kw name="Fill Text" library="Browser">
<arg>css=input[formcontrolname="number"]</arg>
<arg>${cliente["numero"]}</arg>
<tag>PageContent</tag>
<tag>Setter</tag>
<doc>Clears and fills the given ``txt`` into the text field found by ``selector``.</doc>
<msg timestamp="20220112 14:17:57.936" level="INFO">Fills the text '10' in the given field.</msg>
<status status="PASS" starttime="20220112 14:17:57.935" endtime="20220112 14:17:57.964"/>
</kw>
<kw name="Fill Text" library="Browser">
<arg>css=input[formcontrolname="optionalAddress"]</arg>
<arg>${cliente["complemento"]}</arg>
<tag>PageContent</tag>
<tag>Setter</tag>
<doc>Clears and fills the given ``txt`` into the text field found by ``selector``.</doc>
<msg timestamp="20220112 14:17:57.965" level="INFO">Fills the text 'Condominio' in the given field.</msg>
<status status="PASS" starttime="20220112 14:17:57.964" endtime="20220112 14:17:57.993"/>
</kw>
<status status="PASS" starttime="20220112 14:17:57.790" endtime="20220112 14:17:57.993"/>
</kw>
<kw name="Seleciona forma de pagamento">
<arg>${massa_teste_pedido}</arg>
<if>
<branch type="IF" condition="'${massa_teste_pedido[&quot;forma_pagamento&quot;]}'=='Dinheiro'">
<kw name="Click" library="Browser">
<arg>xpath=(//mt-radio//div//label)[1]//div</arg>
<tag>PageContent</tag>
<tag>Setter</tag>
<doc>Simulates mouse click on the element found by ``selector``.</doc>
<status status="NOT RUN" starttime="20220112 14:17:57.994" endtime="20220112 14:17:57.994"/>
</kw>
<status status="NOT RUN" starttime="20220112 14:17:57.994" endtime="20220112 14:17:57.994"/>
</branch>
<branch type="ELSE IF" condition="'${massa_teste_pedido[&quot;forma_pagamento&quot;]}'==&quot;Cartão de Débito&quot;">
<kw name="Click" library="Browser">
<arg>xpath=(//mt-radio//div//label)[2]//div</arg>
<tag>PageContent</tag>
<tag>Setter</tag>
<doc>Simulates mouse click on the element found by ``selector``.</doc>
<status status="NOT RUN" starttime="20220112 14:17:57.995" endtime="20220112 14:17:57.995"/>
</kw>
<status status="NOT RUN" starttime="20220112 14:17:57.995" endtime="20220112 14:17:57.995"/>
</branch>
<branch type="ELSE IF" condition="'${massa_teste_pedido[&quot;forma_pagamento&quot;]}'==&quot;Cartão Refeição&quot;">
<kw name="Click" library="Browser">
<arg>xpath=(//mt-radio//div//label)[3]//div</arg>
<tag>PageContent</tag>
<tag>Setter</tag>
<doc>Simulates mouse click on the element found by ``selector``.</doc>
<status status="PASS" starttime="20220112 14:17:57.996" endtime="20220112 14:17:58.058"/>
</kw>
<status status="PASS" starttime="20220112 14:17:57.995" endtime="20220112 14:17:58.058"/>
</branch>
<status status="PASS" starttime="20220112 14:17:57.994" endtime="20220112 14:17:58.058"/>
</if>
<kw name="Log" library="BuiltIn">
<arg>Selecionado ${massa_teste_pedido["forma_pagamento"]} como forma de pagamento</arg>
<doc>Logs the given message with the given level.</doc>
<msg timestamp="20220112 14:17:58.059" level="INFO">Selecionado Cartão Refeição como forma de pagamento</msg>
<status status="PASS" starttime="20220112 14:17:58.059" endtime="20220112 14:17:58.059"/>
</kw>
<status status="PASS" starttime="20220112 14:17:57.993" endtime="20220112 14:17:58.059"/>
</kw>
<kw name="Finaliza transacao">
<kw name="Click" library="Browser">
<arg>css=.btn-success</arg>
<tag>PageContent</tag>
<tag>Setter</tag>
<doc>Simulates mouse click on the element found by ``selector``.</doc>
<status status="PASS" starttime="20220112 14:17:58.060" endtime="20220112 14:17:58.101"/>
</kw>
<kw name="Get Text" library="Browser">
<arg>xpath=//h2[contains(text(),'Pedido Conluído')]</arg>
<arg>contains</arg>
<arg>Pedido Conluído</arg>
<tag>Assertion</tag>
<tag>Getter</tag>
<tag>PageContent</tag>
<doc>Returns text attribute of the element found by ``selector``.</doc>
<status status="PASS" starttime="20220112 14:17:58.101" endtime="20220112 14:17:58.346"/>
</kw>
<status status="PASS" starttime="20220112 14:17:58.060" endtime="20220112 14:17:58.347"/>
</kw>
<kw name="Take Screenshot" library="Browser" type="TEARDOWN">
<arg>${EXECDIR}/results/evidencias/pass-screenshot-{index}</arg>
<tag>PageContent</tag>
<doc>Takes a screenshot of the current window or element and saves it to disk.</doc>
<msg timestamp="20220112 14:17:58.484" level="INFO" html="true">&lt;/td&gt;&lt;/tr&gt;&lt;tr&gt;&lt;td colspan="3"&gt;&lt;a href="evidencias/pass-screenshot-7.png"&gt;&lt;img src="evidencias/pass-screenshot-7.png" width="800px"&gt;&lt;/a&gt;</msg>
<status status="PASS" starttime="20220112 14:17:58.347" endtime="20220112 14:17:58.484"/>
</kw>
<tag>1</tag>
<status status="PASS" starttime="20220112 14:17:48.912" endtime="20220112 14:17:58.484"/>
</test>
<status status="PASS" starttime="20220112 14:17:46.874" endtime="20220112 14:17:58.684"/>
</suite>
<statistics>
<total>
<stat pass="1" fail="0" skip="0">All Tests</stat>
</total>
<tag>
<stat pass="1" fail="0" skip="0">1</stat>
</tag>
<suite>
<stat pass="1" fail="0" skip="0" id="s1" name="Pedido">Pedido</stat>
</suite>
</statistics>
<errors>
</errors>
</robot>
